<?xml version="1.0" encoding="UTF-8"?>
<coverage generated="1543253338673" clover="3.2.0">
  <project timestamp="1543253338674" name="All files">
    <metrics statements="44" coveredstatements="31" conditionals="9" coveredconditionals="4" methods="25" coveredmethods="17" elements="78" coveredelements="52" complexity="0" loc="44" ncloc="44" packages="2" files="3" classes="3">
      <package name="js">
        <metrics statements="21" coveredstatements="15" conditionals="3" coveredconditionals="2" methods="16" coveredmethods="11"/>
        <file name="model.js" path="C:\Users\Max\Desktop\GoIT\goit-fe-course\javascript\module-14\client\src\js\model.js">
          <metrics statements="21" coveredstatements="15" conditionals="3" coveredconditionals="2" methods="16" coveredmethods="11"/>
          <line num="6" count="5" type="stmt"/>
          <line num="7" count="5" type="stmt"/>
          <line num="10" count="0" type="stmt"/>
          <line num="11" count="0" type="stmt"/>
          <line num="12" count="0" type="stmt"/>
          <line num="16" count="2" type="stmt"/>
          <line num="17" count="2" type="stmt"/>
          <line num="18" count="2" type="stmt"/>
          <line num="22" count="5" type="stmt"/>
          <line num="25" count="1" type="cond" truecount="1" falsecount="1"/>
          <line num="26" count="1" type="stmt"/>
          <line num="27" count="1" type="stmt"/>
          <line num="33" count="1" type="stmt"/>
          <line num="34" count="1" type="stmt"/>
          <line num="40" count="1" type="stmt"/>
          <line num="44" count="1" type="stmt"/>
          <line num="45" count="1" type="stmt"/>
          <line num="47" count="1" type="stmt"/>
          <line num="48" count="0" type="stmt"/>
          <line num="49" count="0" type="stmt"/>
          <line num="50" count="0" type="stmt"/>
        </file>
      </package>
      <package name="services">
        <metrics statements="23" coveredstatements="16" conditionals="6" coveredconditionals="2" methods="9" coveredmethods="6"/>
        <file name="api.js" path="C:\Users\Max\Desktop\GoIT\goit-fe-course\javascript\module-14\client\src\services\api.js">
          <metrics statements="14" coveredstatements="10" conditionals="2" coveredconditionals="0" methods="6" coveredmethods="3"/>
          <line num="3" count="5" type="stmt"/>
          <line num="4" count="5" type="stmt"/>
          <line num="5" count="5" type="stmt"/>
          <line num="8" count="5" type="stmt"/>
          <line num="9" count="1" type="stmt"/>
          <line num="11" count="5" type="stmt"/>
          <line num="12" count="2" type="stmt"/>
          <line num="14" count="5" type="stmt"/>
          <line num="15" count="1" type="stmt"/>
          <line num="16" count="0" type="stmt"/>
          <line num="18" count="5" type="stmt"/>
          <line num="19" count="0" type="stmt"/>
          <line num="20" count="0" type="cond" truecount="0" falsecount="2"/>
          <line num="21" count="0" type="stmt"/>
        </file>
        <file name="validation.js" path="C:\Users\Max\Desktop\GoIT\goit-fe-course\javascript\module-14\client\src\services\validation.js">
          <metrics statements="9" coveredstatements="6" conditionals="4" coveredconditionals="2" methods="3" coveredmethods="3"/>
          <line num="1" count="5" type="stmt"/>
          <line num="4" count="1" type="cond" truecount="1" falsecount="1"/>
          <line num="5" count="1" type="stmt"/>
          <line num="7" count="0" type="stmt"/>
          <line num="11" count="1" type="cond" truecount="1" falsecount="1"/>
          <line num="12" count="0" type="stmt"/>
          <line num="13" count="0" type="stmt"/>
          <line num="15" count="1" type="stmt"/>
          <line num="19" count="1" type="stmt"/>
        </file>
      </package>
    </metrics>
  </project>
</coverage>
