TN:
SF:C:\Users\Max\Desktop\GoIT\goit-fe-course\javascript\module-14\client\src\js\model.js
FN:5,(anonymous_0)
FN:9,(anonymous_1)
FN:10,(anonymous_2)
FN:15,(anonymous_3)
FN:16,(anonymous_4)
FN:21,(anonymous_5)
FN:22,(anonymous_6)
FN:24,(anonymous_7)
FN:26,(anonymous_8)
FN:39,(anonymous_9)
FN:42,(anonymous_10)
FN:45,(anonymous_11)
FN:46,(anonymous_12)
FN:47,(anonymous_13)
FN:48,(anonymous_14)
FN:49,(anonymous_15)
FNF:16
FNH:11
FNDA:5,(anonymous_0)
FNDA:0,(anonymous_1)
FNDA:0,(anonymous_2)
FNDA:2,(anonymous_3)
FNDA:2,(anonymous_4)
FNDA:3,(anonymous_5)
FNDA:5,(anonymous_6)
FNDA:1,(anonymous_7)
FNDA:1,(anonymous_8)
FNDA:1,(anonymous_9)
FNDA:1,(anonymous_10)
FNDA:1,(anonymous_11)
FNDA:1,(anonymous_12)
FNDA:0,(anonymous_13)
FNDA:0,(anonymous_14)
FNDA:0,(anonymous_15)
DA:6,5
DA:7,5
DA:10,0
DA:11,0
DA:12,0
DA:16,2
DA:17,2
DA:18,2
DA:22,5
DA:25,1
DA:26,1
DA:27,1
DA:33,1
DA:34,1
DA:40,1
DA:44,1
DA:45,1
DA:47,1
DA:48,0
DA:49,0
DA:50,0
LF:21
LH:15
BRDA:5,0,0,5
BRDA:25,1,0,1
BRDA:25,1,1,0
BRF:3
BRH:2
end_of_record
TN:
SF:C:\Users\Max\Desktop\GoIT\goit-fe-course\javascript\module-14\client\src\services\api.js
FN:8,(anonymous_0)
FN:11,(anonymous_1)
FN:14,(anonymous_2)
FN:16,(anonymous_3)
FN:18,(anonymous_4)
FN:19,(anonymous_5)
FNF:6
FNH:3
FNDA:1,(anonymous_0)
FNDA:2,(anonymous_1)
FNDA:1,(anonymous_2)
FNDA:0,(anonymous_3)
FNDA:0,(anonymous_4)
FNDA:0,(anonymous_5)
DA:3,5
DA:4,5
DA:5,5
DA:8,5
DA:9,1
DA:11,5
DA:12,2
DA:14,5
DA:15,1
DA:16,0
DA:18,5
DA:19,0
DA:20,0
DA:21,0
LF:14
LH:10
BRDA:20,0,0,0
BRDA:20,0,1,0
BRF:2
BRH:0
end_of_record
TN:
SF:C:\Users\Max\Desktop\GoIT\goit-fe-course\javascript\module-14\client\src\services\validation.js
FN:3,checkCard
FN:10,checkPresence
FN:18,isValid
FNF:3
FNH:3
FNDA:1,checkCard
FNDA:1,checkPresence
FNDA:1,isValid
DA:1,5
DA:4,1
DA:5,1
DA:7,0
DA:11,1
DA:12,0
DA:13,0
DA:15,1
DA:19,1
LF:9
LH:6
BRDA:4,0,0,1
BRDA:4,0,1,0
BRDA:11,1,0,0
BRDA:11,1,1,1
BRF:4
BRH:2
end_of_record
